<?xml version="1.0" encoding="UTF-8"?>
<!-- Generated by org.testng.reporters.JUnitReportReporter -->
<testsuite skipped="0" hostname="MLI-LAP-180" name="assignment.Assignment" tests="1" failures="0" timestamp="2022-02-03T13:21:29 IST" time="18.665" errors="0">
  <testcase name="open" time="18.665" classname="assignment.Assignment"/>
  <system-out/>
</testsuite> <!-- assignment.Assignment -->
